<?xml version="1.0" encoding="UTF-8"?>
<!-- Generated by org.testng.reporters.JUnitReportReporter -->
<testsuite skipped="0" hostname="MacBook-Pro-2.local" name="selenium.google.tests.GoogleFlightSearchTest" tests="1" failures="0" timestamp="11 sie 2019 18:22:20 GMT" time="1.644" errors="1">
  <testcase name="shouldSearchFlight" time="1.644" classname="selenium.google.tests.GoogleFlightSearchTest">
    <error type="java.lang.StackOverflowError">
      <![CDATA[java.lang.StackOverflowError
at framework.tools.utils.Custom.clickElement(Custom.java:45)
at framework.tools.utils.Custom.clickElement(Custom.java:45)
at framework.tools.utils.Custom.clickElement(Custom.java:45)
at framework.tools.utils.Custom.clickElement(Custom.java:45)
at framework.tools.utils.Custom.clickElement(Custom.java:45)
at framework.tools.utils.Custom.clickElement(Custom.java:45)
at framework.tools.utils.Custom.clickElement(Custom.java:45)
at framework.tools.utils.Custom.clickElement(Custom.java:45)
at framework.tools.utils.Custom.clickElement(Custom.java:45)
at framework.tools.utils.Custom.clickElement(Custom.java:45)
at framework.tools.utils.Custom.clickElement(Custom.java:45)
at framework.tools.utils.Custom.clickElement(Custom.java:45)
at framework.tools.utils.Custom.clickElement(Custom.java:45)
at framework.tools.utils.Custom.clickElement(Custom.java:45)
at framework.tools.utils.Custom.clickElement(Custom.java:45)
at framework.tools.utils.Custom.clickElement(Custom.java:45)
at framework.tools.utils.Custom.clickElement(Custom.java:45)
at framework.tools.utils.Custom.clickElement(Custom.java:45)
at framework.tools.utils.Custom.clickElement(Custom.java:45)
at framework.tools.utils.Custom.clickElement(Custom.java:45)
at framework.tools.utils.Custom.clickElement(Custom.java:45)
at framework.tools.utils.Custom.clickElement(Custom.java:45)
at framework.tools.utils.Custom.clickElement(Custom.java:45)
at framework.tools.utils.Custom.clickElement(Custom.java:45)
at framework.tools.utils.Custom.clickElement(Custom.java:45)
at framework.tools.utils.Custom.clickElement(Custom.java:45)
at framework.tools.utils.Custom.clickElement(Custom.java:45)
at framework.tools.utils.Custom.clickElement(Custom.java:45)
at framework.tools.utils.Custom.clickElement(Custom.java:45)
at framework.tools.utils.Custom.clickElement(Custom.java:45)
at framework.tools.utils.Custom.clickElement(Custom.java:45)
at framework.tools.utils.Custom.clickElement(Custom.java:45)
at framework.tools.utils.Custom.clickElement(Custom.java:45)
at framework.tools.utils.Custom.clickElement(Custom.java:45)
at framework.tools.utils.Custom.clickElement(Custom.java:45)
at framework.tools.utils.Custom.clickElement(Custom.java:45)
at framework.tools.utils.Custom.clickElement(Custom.java:45)
at framework.tools.utils.Custom.clickElement(Custom.java:45)
at framework.tools.utils.Custom.clickElement(Custom.java:45)
at framework.tools.utils.Custom.clickElement(Custom.java:45)
at framework.tools.utils.Custom.clickElement(Custom.java:45)
at framework.tools.utils.Custom.clickElement(Custom.java:45)
at framework.tools.utils.Custom.clickElement(Custom.java:45)
at framework.tools.utils.Custom.clickElement(Custom.java:45)
at framework.tools.utils.Custom.clickElement(Custom.java:45)
at framework.tools.utils.Custom.clickElement(Custom.java:45)
at framework.tools.utils.Custom.clickElement(Custom.java:45)
at framework.tools.utils.Custom.clickElement(Custom.java:45)
at framework.tools.utils.Custom.clickElement(Custom.java:45)
at framework.tools.utils.Custom.clickElement(Custom.java:45)
at framework.tools.utils.Custom.clickElement(Custom.java:45)
at framework.tools.utils.Custom.clickElement(Custom.java:45)
at framework.tools.utils.Custom.clickElement(Custom.java:45)
at framework.tools.utils.Custom.clickElement(Custom.java:45)
at framework.tools.utils.Custom.clickElement(Custom.java:45)
at framework.tools.utils.Custom.clickElement(Custom.java:45)
at framework.tools.utils.Custom.clickElement(Custom.java:45)
at framework.tools.utils.Custom.clickElement(Custom.java:45)
at framework.tools.utils.Custom.clickElement(Custom.java:45)
at framework.tools.utils.Custom.clickElement(Custom.java:45)
at framework.tools.utils.Custom.clickElement(Custom.java:45)
at framework.tools.utils.Custom.clickElement(Custom.java:45)
at framework.tools.utils.Custom.clickElement(Custom.java:45)
at framework.tools.utils.Custom.clickElement(Custom.java:45)
at framework.tools.utils.Custom.clickElement(Custom.java:45)
at framework.tools.utils.Custom.clickElement(Custom.java:45)
at framework.tools.utils.Custom.clickElement(Custom.java:45)
at framework.tools.utils.Custom.clickElement(Custom.java:45)
at framework.tools.utils.Custom.clickElement(Custom.java:45)
at framework.tools.utils.Custom.clickElement(Custom.java:45)
at framework.tools.utils.Custom.clickElement(Custom.java:45)
at framework.tools.utils.Custom.clickElement(Custom.java:45)
at framework.tools.utils.Custom.clickElement(Custom.java:45)
at framework.tools.utils.Custom.clickElement(Custom.java:45)
at framework.tools.utils.Custom.clickElement(Custom.java:45)
at framework.tools.utils.Custom.clickElement(Custom.java:45)
at framework.tools.utils.Custom.clickElement(Custom.java:45)
at framework.tools.utils.Custom.clickElement(Custom.java:45)
at framework.tools.utils.Custom.clickElement(Custom.java:45)
at framework.tools.utils.Custom.clickElement(Custom.java:45)
at framework.tools.utils.Custom.clickElement(Custom.java:45)
at framework.tools.utils.Custom.clickElement(Custom.java:45)
at framework.tools.utils.Custom.clickElement(Custom.java:45)
at framework.tools.utils.Custom.clickElement(Custom.java:45)
at framework.tools.utils.Custom.clickElement(Custom.java:45)
at framework.tools.utils.Custom.clickElement(Custom.java:45)
at framework.tools.utils.Custom.clickElement(Custom.java:45)
at framework.tools.utils.Custom.clickElement(Custom.java:45)
at framework.tools.utils.Custom.clickElement(Custom.java:45)
at framework.tools.utils.Custom.clickElement(Custom.java:45)
at framework.tools.utils.Custom.clickElement(Custom.java:45)
at framework.tools.utils.Custom.clickElement(Custom.java:45)
at framework.tools.utils.Custom.clickElement(Custom.java:45)
at framework.tools.utils.Custom.clickElement(Custom.java:45)
at framework.tools.utils.Custom.clickElement(Custom.java:45)
at framework.tools.utils.Custom.clickElement(Custom.java:45)
at framework.tools.utils.Custom.clickElement(Custom.java:45)
at framework.tools.utils.Custom.clickElement(Custom.java:45)
at framework.tools.utils.Custom.clickElement(Custom.java:45)
at framework.tools.utils.Custom.clickElement(Custom.java:45)
at framework.tools.utils.Custom.clickElement(Custom.java:45)
at framework.tools.utils.Custom.clickElement(Custom.java:45)
at framework.tools.utils.Custom.clickElement(Custom.java:45)
at framework.tools.utils.Custom.clickElement(Custom.java:45)
at framework.tools.utils.Custom.clickElement(Custom.java:45)
at framework.tools.utils.Custom.clickElement(Custom.java:45)
at framework.tools.utils.Custom.clickElement(Custom.java:45)
at framework.tools.utils.Custom.clickElement(Custom.java:45)
at framework.tools.utils.Custom.clickElement(Custom.java:45)
at framework.tools.utils.Custom.clickElement(Custom.java:45)
at framework.tools.utils.Custom.clickElement(Custom.java:45)
at framework.tools.utils.Custom.clickElement(Custom.java:45)
at framework.tools.utils.Custom.clickElement(Custom.java:45)
at framework.tools.utils.Custom.clickElement(Custom.java:45)
at framework.tools.utils.Custom.clickElement(Custom.java:45)
at framework.tools.utils.Custom.clickElement(Custom.java:45)
at framework.tools.utils.Custom.clickElement(Custom.java:45)
at framework.tools.utils.Custom.clickElement(Custom.java:45)
at framework.tools.utils.Custom.clickElement(Custom.java:45)
at framework.tools.utils.Custom.clickElement(Custom.java:45)
at framework.tools.utils.Custom.clickElement(Custom.java:45)
at framework.tools.utils.Custom.clickElement(Custom.java:45)
at framework.tools.utils.Custom.clickElement(Custom.java:45)
at framework.tools.utils.Custom.clickElement(Custom.java:45)
at framework.tools.utils.Custom.clickElement(Custom.java:45)
at framework.tools.utils.Custom.clickElement(Custom.java:45)
at framework.tools.utils.Custom.clickElement(Custom.java:45)
at framework.tools.utils.Custom.clickElement(Custom.java:45)
at framework.tools.utils.Custom.clickElement(Custom.java:45)
at framework.tools.utils.Custom.clickElement(Custom.java:45)
at framework.tools.utils.Custom.clickElement(Custom.java:45)
at framework.tools.utils.Custom.clickElement(Custom.java:45)
at framework.tools.utils.Custom.clickElement(Custom.java:45)
at framework.tools.utils.Custom.clickElement(Custom.java:45)
at framework.tools.utils.Custom.clickElement(Custom.java:45)
at framework.tools.utils.Custom.clickElement(Custom.java:45)
at framework.tools.utils.Custom.clickElement(Custom.java:45)
at framework.tools.utils.Custom.clickElement(Custom.java:45)
at framework.tools.utils.Custom.clickElement(Custom.java:45)
at framework.tools.utils.Custom.clickElement(Custom.java:45)
at framework.tools.utils.Custom.clickElement(Custom.java:45)
at framework.tools.utils.Custom.clickElement(Custom.java:45)
at framework.tools.utils.Custom.clickElement(Custom.java:45)
at framework.tools.utils.Custom.clickElement(Custom.java:45)
at framework.tools.utils.Custom.clickElement(Custom.java:45)
at framework.tools.utils.Custom.clickElement(Custom.java:45)
at framework.tools.utils.Custom.clickElement(Custom.java:45)
at framework.tools.utils.Custom.clickElement(Custom.java:45)
at framework.tools.utils.Custom.clickElement(Custom.java:45)
at framework.tools.utils.Custom.clickElement(Custom.java:45)
at framework.tools.utils.Custom.clickElement(Custom.java:45)
at framework.tools.utils.Custom.clickElement(Custom.java:45)
at framework.tools.utils.Custom.clickElement(Custom.java:45)
at framework.tools.utils.Custom.clickElement(Custom.java:45)
at framework.tools.utils.Custom.clickElement(Custom.java:45)
at framework.tools.utils.Custom.clickElement(Custom.java:45)
at framework.tools.utils.Custom.clickElement(Custom.java:45)
at framework.tools.utils.Custom.clickElement(Custom.java:45)
at framework.tools.utils.Custom.clickElement(Custom.java:45)
at framework.tools.utils.Custom.clickElement(Custom.java:45)
at framework.tools.utils.Custom.clickElement(Custom.java:45)
at framework.tools.utils.Custom.clickElement(Custom.java:45)
at framework.tools.utils.Custom.clickElement(Custom.java:45)
at framework.tools.utils.Custom.clickElement(Custom.java:45)
at framework.tools.utils.Custom.clickElement(Custom.java:45)
at framework.tools.utils.Custom.clickElement(Custom.java:45)
at framework.tools.utils.Custom.clickElement(Custom.java:45)
at framework.tools.utils.Custom.clickElement(Custom.java:45)
at framework.tools.utils.Custom.clickElement(Custom.java:45)
at framework.tools.utils.Custom.clickElement(Custom.java:45)
at framework.tools.utils.Custom.clickElement(Custom.java:45)
at framework.tools.utils.Custom.clickElement(Custom.java:45)
at framework.tools.utils.Custom.clickElement(Custom.java:45)
at framework.tools.utils.Custom.clickElement(Custom.java:45)
at framework.tools.utils.Custom.clickElement(Custom.java:45)
at framework.tools.utils.Custom.clickElement(Custom.java:45)
at framework.tools.utils.Custom.clickElement(Custom.java:45)
at framework.tools.utils.Custom.clickElement(Custom.java:45)
at framework.tools.utils.Custom.clickElement(Custom.java:45)
at framework.tools.utils.Custom.clickElement(Custom.java:45)
at framework.tools.utils.Custom.clickElement(Custom.java:45)
at framework.tools.utils.Custom.clickElement(Custom.java:45)
at framework.tools.utils.Custom.clickElement(Custom.java:45)
at framework.tools.utils.Custom.clickElement(Custom.java:45)
at framework.tools.utils.Custom.clickElement(Custom.java:45)
at framework.tools.utils.Custom.clickElement(Custom.java:45)
at framework.tools.utils.Custom.clickElement(Custom.java:45)
at framework.tools.utils.Custom.clickElement(Custom.java:45)
at framework.tools.utils.Custom.clickElement(Custom.java:45)
at framework.tools.utils.Custom.clickElement(Custom.java:45)
at framework.tools.utils.Custom.clickElement(Custom.java:45)
at framework.tools.utils.Custom.clickElement(Custom.java:45)
at framework.tools.utils.Custom.clickElement(Custom.java:45)
at framework.tools.utils.Custom.clickElement(Custom.java:45)
at framework.tools.utils.Custom.clickElement(Custom.java:45)
at framework.tools.utils.Custom.clickElement(Custom.java:45)
at framework.tools.utils.Custom.clickElement(Custom.java:45)
at framework.tools.utils.Custom.clickElement(Custom.java:45)
at framework.tools.utils.Custom.clickElement(Custom.java:45)
at framework.tools.utils.Custom.clickElement(Custom.java:45)
at framework.tools.utils.Custom.clickElement(Custom.java:45)
at framework.tools.utils.Custom.clickElement(Custom.java:45)
at framework.tools.utils.Custom.clickElement(Custom.java:45)
at framework.tools.utils.Custom.clickElement(Custom.java:45)
at framework.tools.utils.Custom.clickElement(Custom.java:45)
at framework.tools.utils.Custom.clickElement(Custom.java:45)
at framework.tools.utils.Custom.clickElement(Custom.java:45)
at framework.tools.utils.Custom.clickElement(Custom.java:45)
at framework.tools.utils.Custom.clickElement(Custom.java:45)
at framework.tools.utils.Custom.clickElement(Custom.java:45)
at framework.tools.utils.Custom.clickElement(Custom.java:45)
at framework.tools.utils.Custom.clickElement(Custom.java:45)
at framework.tools.utils.Custom.clickElement(Custom.java:45)
at framework.tools.utils.Custom.clickElement(Custom.java:45)
at framework.tools.utils.Custom.clickElement(Custom.java:45)
at framework.tools.utils.Custom.clickElement(Custom.java:45)
at framework.tools.utils.Custom.clickElement(Custom.java:45)
at framework.tools.utils.Custom.clickElement(Custom.java:45)
at framework.tools.utils.Custom.clickElement(Custom.java:45)
at framework.tools.utils.Custom.clickElement(Custom.java:45)
at framework.tools.utils.Custom.clickElement(Custom.java:45)
at framework.tools.utils.Custom.clickElement(Custom.java:45)
at framework.tools.utils.Custom.clickElement(Custom.java:45)
at framework.tools.utils.Custom.clickElement(Custom.java:45)
at framework.tools.utils.Custom.clickElement(Custom.java:45)
at framework.tools.utils.Custom.clickElement(Custom.java:45)
at framework.tools.utils.Custom.clickElement(Custom.java:45)
at framework.tools.utils.Custom.clickElement(Custom.java:45)
at framework.tools.utils.Custom.clickElement(Custom.java:45)
at framework.tools.utils.Custom.clickElement(Custom.java:45)
at framework.tools.utils.Custom.clickElement(Custom.java:45)
at framework.tools.utils.Custom.clickElement(Custom.java:45)
at framework.tools.utils.Custom.clickElement(Custom.java:45)
at framework.tools.utils.Custom.clickElement(Custom.java:45)
at framework.tools.utils.Custom.clickElement(Custom.java:45)
at framework.tools.utils.Custom.clickElement(Custom.java:45)
at framework.tools.utils.Custom.clickElement(Custom.java:45)
at framework.tools.utils.Custom.clickElement(Custom.java:45)
at framework.tools.utils.Custom.clickElement(Custom.java:45)
at framework.tools.utils.Custom.clickElement(Custom.java:45)
at framework.tools.utils.Custom.clickElement(Custom.java:45)
at framework.tools.utils.Custom.clickElement(Custom.java:45)
at framework.tools.utils.Custom.clickElement(Custom.java:45)
at framework.tools.utils.Custom.clickElement(Custom.java:45)
at framework.tools.utils.Custom.clickElement(Custom.java:45)
at framework.tools.utils.Custom.clickElement(Custom.java:45)
at framework.tools.utils.Custom.clickElement(Custom.java:45)
at framework.tools.utils.Custom.clickElement(Custom.java:45)
at framework.tools.utils.Custom.clickElement(Custom.java:45)
at framework.tools.utils.Custom.clickElement(Custom.java:45)
at framework.tools.utils.Custom.clickElement(Custom.java:45)
at framework.tools.utils.Custom.clickElement(Custom.java:45)
at framework.tools.utils.Custom.clickElement(Custom.java:45)
at framework.tools.utils.Custom.clickElement(Custom.java:45)
at framework.tools.utils.Custom.clickElement(Custom.java:45)
at framework.tools.utils.Custom.clickElement(Custom.java:45)
at framework.tools.utils.Custom.clickElement(Custom.java:45)
at framework.tools.utils.Custom.clickElement(Custom.java:45)
at framework.tools.utils.Custom.clickElement(Custom.java:45)
at framework.tools.utils.Custom.clickElement(Custom.java:45)
at framework.tools.utils.Custom.clickElement(Custom.java:45)
at framework.tools.utils.Custom.clickElement(Custom.java:45)
at framework.tools.utils.Custom.clickElement(Custom.java:45)
at framework.tools.utils.Custom.clickElement(Custom.java:45)
at framework.tools.utils.Custom.clickElement(Custom.java:45)
at framework.tools.utils.Custom.clickElement(Custom.java:45)
at framework.tools.utils.Custom.clickElement(Custom.java:45)
at framework.tools.utils.Custom.clickElement(Custom.java:45)
at framework.tools.utils.Custom.clickElement(Custom.java:45)
at framework.tools.utils.Custom.clickElement(Custom.java:45)
at framework.tools.utils.Custom.clickElement(Custom.java:45)
at framework.tools.utils.Custom.clickElement(Custom.java:45)
at framework.tools.utils.Custom.clickElement(Custom.java:45)
at framework.tools.utils.Custom.clickElement(Custom.java:45)
at framework.tools.utils.Custom.clickElement(Custom.java:45)
at framework.tools.utils.Custom.clickElement(Custom.java:45)
at framework.tools.utils.Custom.clickElement(Custom.java:45)
at framework.tools.utils.Custom.clickElement(Custom.java:45)
at framework.tools.utils.Custom.clickElement(Custom.java:45)
at framework.tools.utils.Custom.clickElement(Custom.java:45)
at framework.tools.utils.Custom.clickElement(Custom.java:45)
at framework.tools.utils.Custom.clickElement(Custom.java:45)
at framework.tools.utils.Custom.clickElement(Custom.java:45)
at framework.tools.utils.Custom.clickElement(Custom.java:45)
at framework.tools.utils.Custom.clickElement(Custom.java:45)
at framework.tools.utils.Custom.clickElement(Custom.java:45)
at framework.tools.utils.Custom.clickElement(Custom.java:45)
at framework.tools.utils.Custom.clickElement(Custom.java:45)
at framework.tools.utils.Custom.clickElement(Custom.java:45)
at framework.tools.utils.Custom.clickElement(Custom.java:45)
at framework.tools.utils.Custom.clickElement(Custom.java:45)
at framework.tools.utils.Custom.clickElement(Custom.java:45)
at framework.tools.utils.Custom.clickElement(Custom.java:45)
at framework.tools.utils.Custom.clickElement(Custom.java:45)
at framework.tools.utils.Custom.clickElement(Custom.java:45)
at framework.tools.utils.Custom.clickElement(Custom.java:45)
at framework.tools.utils.Custom.clickElement(Custom.java:45)
at framework.tools.utils.Custom.clickElement(Custom.java:45)
at framework.tools.utils.Custom.clickElement(Custom.java:45)
at framework.tools.utils.Custom.clickElement(Custom.java:45)
at framework.tools.utils.Custom.clickElement(Custom.java:45)
at framework.tools.utils.Custom.clickElement(Custom.java:45)
at framework.tools.utils.Custom.clickElement(Custom.java:45)
at framework.tools.utils.Custom.clickElement(Custom.java:45)
at framework.tools.utils.Custom.clickElement(Custom.java:45)
at framework.tools.utils.Custom.clickElement(Custom.java:45)
at framework.tools.utils.Custom.clickElement(Custom.java:45)
at framework.tools.utils.Custom.clickElement(Custom.java:45)
at framework.tools.utils.Custom.clickElement(Custom.java:45)
at framework.tools.utils.Custom.clickElement(Custom.java:45)
at framework.tools.utils.Custom.clickElement(Custom.java:45)
at framework.tools.utils.Custom.clickElement(Custom.java:45)
at framework.tools.utils.Custom.clickElement(Custom.java:45)
at framework.tools.utils.Custom.clickElement(Custom.java:45)
at framework.tools.utils.Custom.clickElement(Custom.java:45)
at framework.tools.utils.Custom.clickElement(Custom.java:45)
at framework.tools.utils.Custom.clickElement(Custom.java:45)
at framework.tools.utils.Custom.clickElement(Custom.java:45)
at framework.tools.utils.Custom.clickElement(Custom.java:45)
at framework.tools.utils.Custom.clickElement(Custom.java:45)
at framework.tools.utils.Custom.clickElement(Custom.java:45)
at framework.tools.utils.Custom.clickElement(Custom.java:45)
at framework.tools.utils.Custom.clickElement(Custom.java:45)
at framework.tools.utils.Custom.clickElement(Custom.java:45)
at framework.tools.utils.Custom.clickElement(Custom.java:45)
at framework.tools.utils.Custom.clickElement(Custom.java:45)
at framework.tools.utils.Custom.clickElement(Custom.java:45)
at framework.tools.utils.Custom.clickElement(Custom.java:45)
at framework.tools.utils.Custom.clickElement(Custom.java:45)
at framework.tools.utils.Custom.clickElement(Custom.java:45)
at framework.tools.utils.Custom.clickElement(Custom.java:45)
at framework.tools.utils.Custom.clickElement(Custom.java:45)
at framework.tools.utils.Custom.clickElement(Custom.java:45)
at framework.tools.utils.Custom.clickElement(Custom.java:45)
at framework.tools.utils.Custom.clickElement(Custom.java:45)
at framework.tools.utils.Custom.clickElement(Custom.java:45)
at framework.tools.utils.Custom.clickElement(Custom.java:45)
at framework.tools.utils.Custom.clickElement(Custom.java:45)
at framework.tools.utils.Custom.clickElement(Custom.java:45)
at framework.tools.utils.Custom.clickElement(Custom.java:45)
at framework.tools.utils.Custom.clickElement(Custom.java:45)
at framework.tools.utils.Custom.clickElement(Custom.java:45)
at framework.tools.utils.Custom.clickElement(Custom.java:45)
at framework.tools.utils.Custom.clickElement(Custom.java:45)
at framework.tools.utils.Custom.clickElement(Custom.java:45)
at framework.tools.utils.Custom.clickElement(Custom.java:45)
at framework.tools.utils.Custom.clickElement(Custom.java:45)
at framework.tools.utils.Custom.clickElement(Custom.java:45)
at framework.tools.utils.Custom.clickElement(Custom.java:45)
at framework.tools.utils.Custom.clickElement(Custom.java:45)
at framework.tools.utils.Custom.clickElement(Custom.java:45)
at framework.tools.utils.Custom.clickElement(Custom.java:45)
at framework.tools.utils.Custom.clickElement(Custom.java:45)
at framework.tools.utils.Custom.clickElement(Custom.java:45)
at framework.tools.utils.Custom.clickElement(Custom.java:45)
at framework.tools.utils.Custom.clickElement(Custom.java:45)
at framework.tools.utils.Custom.clickElement(Custom.java:45)
at framework.tools.utils.Custom.clickElement(Custom.java:45)
at framework.tools.utils.Custom.clickElement(Custom.java:45)
at framework.tools.utils.Custom.clickElement(Custom.java:45)
at framework.tools.utils.Custom.clickElement(Custom.java:45)
at framework.tools.utils.Custom.clickElement(Custom.java:45)
at framework.tools.utils.Custom.clickElement(Custom.java:45)
at framework.tools.utils.Custom.clickElement(Custom.java:45)
at framework.tools.utils.Custom.clickElement(Custom.java:45)
at framework.tools.utils.Custom.clickElement(Custom.java:45)
at framework.tools.utils.Custom.clickElement(Custom.java:45)
at framework.tools.utils.Custom.clickElement(Custom.java:45)
at framework.tools.utils.Custom.clickElement(Custom.java:45)
at framework.tools.utils.Custom.clickElement(Custom.java:45)
at framework.tools.utils.Custom.clickElement(Custom.java:45)
at framework.tools.utils.Custom.clickElement(Custom.java:45)
at framework.tools.utils.Custom.clickElement(Custom.java:45)
at framework.tools.utils.Custom.clickElement(Custom.java:45)
at framework.tools.utils.Custom.clickElement(Custom.java:45)
at framework.tools.utils.Custom.clickElement(Custom.java:45)
at framework.tools.utils.Custom.clickElement(Custom.java:45)
at framework.tools.utils.Custom.clickElement(Custom.java:45)
at framework.tools.utils.Custom.clickElement(Custom.java:45)
at framework.tools.utils.Custom.clickElement(Custom.java:45)
at framework.tools.utils.Custom.clickElement(Custom.java:45)
at framework.tools.utils.Custom.clickElement(Custom.java:45)
at framework.tools.utils.Custom.clickElement(Custom.java:45)
at framework.tools.utils.Custom.clickElement(Custom.java:45)
at framework.tools.utils.Custom.clickElement(Custom.java:45)
at framework.tools.utils.Custom.clickElement(Custom.java:45)
at framework.tools.utils.Custom.clickElement(Custom.java:45)
at framework.tools.utils.Custom.clickElement(Custom.java:45)
at framework.tools.utils.Custom.clickElement(Custom.java:45)
at framework.tools.utils.Custom.clickElement(Custom.java:45)
at framework.tools.utils.Custom.clickElement(Custom.java:45)
at framework.tools.utils.Custom.clickElement(Custom.java:45)
at framework.tools.utils.Custom.clickElement(Custom.java:45)
at framework.tools.utils.Custom.clickElement(Custom.java:45)
at framework.tools.utils.Custom.clickElement(Custom.java:45)
at framework.tools.utils.Custom.clickElement(Custom.java:45)
at framework.tools.utils.Custom.clickElement(Custom.java:45)
at framework.tools.utils.Custom.clickElement(Custom.java:45)
at framework.tools.utils.Custom.clickElement(Custom.java:45)
at framework.tools.utils.Custom.clickElement(Custom.java:45)
at framework.tools.utils.Custom.clickElement(Custom.java:45)
at framework.tools.utils.Custom.clickElement(Custom.java:45)
at framework.tools.utils.Custom.clickElement(Custom.java:45)
at framework.tools.utils.Custom.clickElement(Custom.java:45)
at framework.tools.utils.Custom.clickElement(Custom.java:45)
at framework.tools.utils.Custom.clickElement(Custom.java:45)
at framework.tools.utils.Custom.clickElement(Custom.java:45)
at framework.tools.utils.Custom.clickElement(Custom.java:45)
at framework.tools.utils.Custom.clickElement(Custom.java:45)
at framework.tools.utils.Custom.clickElement(Custom.java:45)
at framework.tools.utils.Custom.clickElement(Custom.java:45)
at framework.tools.utils.Custom.clickElement(Custom.java:45)
at framework.tools.utils.Custom.clickElement(Custom.java:45)
at framework.tools.utils.Custom.clickElement(Custom.java:45)
at framework.tools.utils.Custom.clickElement(Custom.java:45)
at framework.tools.utils.Custom.clickElement(Custom.java:45)
at framework.tools.utils.Custom.clickElement(Custom.java:45)
at framework.tools.utils.Custom.clickElement(Custom.java:45)
at framework.tools.utils.Custom.clickElement(Custom.java:45)
at framework.tools.utils.Custom.clickElement(Custom.java:45)
at framework.tools.utils.Custom.clickElement(Custom.java:45)
at framework.tools.utils.Custom.clickElement(Custom.java:45)
at framework.tools.utils.Custom.clickElement(Custom.java:45)
at framework.tools.utils.Custom.clickElement(Custom.java:45)
at framework.tools.utils.Custom.clickElement(Custom.java:45)
at framework.tools.utils.Custom.clickElement(Custom.java:45)
at framework.tools.utils.Custom.clickElement(Custom.java:45)
at framework.tools.utils.Custom.clickElement(Custom.java:45)
at framework.tools.utils.Custom.clickElement(Custom.java:45)
at framework.tools.utils.Custom.clickElement(Custom.java:45)
at framework.tools.utils.Custom.clickElement(Custom.java:45)
at framework.tools.utils.Custom.clickElement(Custom.java:45)
at framework.tools.utils.Custom.clickElement(Custom.java:45)
at framework.tools.utils.Custom.clickElement(Custom.java:45)
at framework.tools.utils.Custom.clickElement(Custom.java:45)
at framework.tools.utils.Custom.clickElement(Custom.java:45)
at framework.tools.utils.Custom.clickElement(Custom.java:45)
at framework.tools.utils.Custom.clickElement(Custom.java:45)
at framework.tools.utils.Custom.clickElement(Custom.java:45)
at framework.tools.utils.Custom.clickElement(Custom.java:45)
at framework.tools.utils.Custom.clickElement(Custom.java:45)
at framework.tools.utils.Custom.clickElement(Custom.java:45)
at framework.tools.utils.Custom.clickElement(Custom.java:45)
at framework.tools.utils.Custom.clickElement(Custom.java:45)
at framework.tools.utils.Custom.clickElement(Custom.java:45)
at framework.tools.utils.Custom.clickElement(Custom.java:45)
at framework.tools.utils.Custom.clickElement(Custom.java:45)
at framework.tools.utils.Custom.clickElement(Custom.java:45)
at framework.tools.utils.Custom.clickElement(Custom.java:45)
at framework.tools.utils.Custom.clickElement(Custom.java:45)
at framework.tools.utils.Custom.clickElement(Custom.java:45)
at framework.tools.utils.Custom.clickElement(Custom.java:45)
at framework.tools.utils.Custom.clickElement(Custom.java:45)
at framework.tools.utils.Custom.clickElement(Custom.java:45)
at framework.tools.utils.Custom.clickElement(Custom.java:45)
at framework.tools.utils.Custom.clickElement(Custom.java:45)
at framework.tools.utils.Custom.clickElement(Custom.java:45)
at framework.tools.utils.Custom.clickElement(Custom.java:45)
at framework.tools.utils.Custom.clickElement(Custom.java:45)
at framework.tools.utils.Custom.clickElement(Custom.java:45)
at framework.tools.utils.Custom.clickElement(Custom.java:45)
at framework.tools.utils.Custom.clickElement(Custom.java:45)
at framework.tools.utils.Custom.clickElement(Custom.java:45)
at framework.tools.utils.Custom.clickElement(Custom.java:45)
at framework.tools.utils.Custom.clickElement(Custom.java:45)
at framework.tools.utils.Custom.clickElement(Custom.java:45)
at framework.tools.utils.Custom.clickElement(Custom.java:45)
at framework.tools.utils.Custom.clickElement(Custom.java:45)
at framework.tools.utils.Custom.clickElement(Custom.java:45)
at framework.tools.utils.Custom.clickElement(Custom.java:45)
at framework.tools.utils.Custom.clickElement(Custom.java:45)
at framework.tools.utils.Custom.clickElement(Custom.java:45)
at framework.tools.utils.Custom.clickElement(Custom.java:45)
at framework.tools.utils.Custom.clickElement(Custom.java:45)
at framework.tools.utils.Custom.clickElement(Custom.java:45)
at framework.tools.utils.Custom.clickElement(Custom.java:45)
at framework.tools.utils.Custom.clickElement(Custom.java:45)
at framework.tools.utils.Custom.clickElement(Custom.java:45)
at framework.tools.utils.Custom.clickElement(Custom.java:45)
at framework.tools.utils.Custom.clickElement(Custom.java:45)
at framework.tools.utils.Custom.clickElement(Custom.java:45)
at framework.tools.utils.Custom.clickElement(Custom.java:45)
at framework.tools.utils.Custom.clickElement(Custom.java:45)
at framework.tools.utils.Custom.clickElement(Custom.java:45)
at framework.tools.utils.Custom.clickElement(Custom.java:45)
at framework.tools.utils.Custom.clickElement(Custom.java:45)
at framework.tools.utils.Custom.clickElement(Custom.java:45)
at framework.tools.utils.Custom.clickElement(Custom.java:45)
at framework.tools.utils.Custom.clickElement(Custom.java:45)
at framework.tools.utils.Custom.clickElement(Custom.java:45)
at framework.tools.utils.Custom.clickElement(Custom.java:45)
at framework.tools.utils.Custom.clickElement(Custom.java:45)
at framework.tools.utils.Custom.clickElement(Custom.java:45)
at framework.tools.utils.Custom.clickElement(Custom.java:45)
at framework.tools.utils.Custom.clickElement(Custom.java:45)
at framework.tools.utils.Custom.clickElement(Custom.java:45)
at framework.tools.utils.Custom.clickElement(Custom.java:45)
at framework.tools.utils.Custom.clickElement(Custom.java:45)
at framework.tools.utils.Custom.clickElement(Custom.java:45)
at framework.tools.utils.Custom.clickElement(Custom.java:45)
at framework.tools.utils.Custom.clickElement(Custom.java:45)
at framework.tools.utils.Custom.clickElement(Custom.java:45)
at framework.tools.utils.Custom.clickElement(Custom.java:45)
at framework.tools.utils.Custom.clickElement(Custom.java:45)
at framework.tools.utils.Custom.clickElement(Custom.java:45)
at framework.tools.utils.Custom.clickElement(Custom.java:45)
at framework.tools.utils.Custom.clickElement(Custom.java:45)
at framework.tools.utils.Custom.clickElement(Custom.java:45)
at framework.tools.utils.Custom.clickElement(Custom.java:45)
at framework.tools.utils.Custom.clickElement(Custom.java:45)
at framework.tools.utils.Custom.clickElement(Custom.java:45)
at framework.tools.utils.Custom.clickElement(Custom.java:45)
at framework.tools.utils.Custom.clickElement(Custom.java:45)
at framework.tools.utils.Custom.clickElement(Custom.java:45)
at framework.tools.utils.Custom.clickElement(Custom.java:45)
at framework.tools.utils.Custom.clickElement(Custom.java:45)
at framework.tools.utils.Custom.clickElement(Custom.java:45)
at framework.tools.utils.Custom.clickElement(Custom.java:45)
at framework.tools.utils.Custom.clickElement(Custom.java:45)
at framework.tools.utils.Custom.clickElement(Custom.java:45)
at framework.tools.utils.Custom.clickElement(Custom.java:45)
at framework.tools.utils.Custom.clickElement(Custom.java:45)
at framework.tools.utils.Custom.clickElement(Custom.java:45)
at framework.tools.utils.Custom.clickElement(Custom.java:45)
at framework.tools.utils.Custom.clickElement(Custom.java:45)
at framework.tools.utils.Custom.clickElement(Custom.java:45)
at framework.tools.utils.Custom.clickElement(Custom.java:45)
at framework.tools.utils.Custom.clickElement(Custom.java:45)
at framework.tools.utils.Custom.clickElement(Custom.java:45)
at framework.tools.utils.Custom.clickElement(Custom.java:45)
at framework.tools.utils.Custom.clickElement(Custom.java:45)
at framework.tools.utils.Custom.clickElement(Custom.java:45)
at framework.tools.utils.Custom.clickElement(Custom.java:45)
at framework.tools.utils.Custom.clickElement(Custom.java:45)
at framework.tools.utils.Custom.clickElement(Custom.java:45)
at framework.tools.utils.Custom.clickElement(Custom.java:45)
at framework.tools.utils.Custom.clickElement(Custom.java:45)
at framework.tools.utils.Custom.clickElement(Custom.java:45)
at framework.tools.utils.Custom.clickElement(Custom.java:45)
at framework.tools.utils.Custom.clickElement(Custom.java:45)
at framework.tools.utils.Custom.clickElement(Custom.java:45)
at framework.tools.utils.Custom.clickElement(Custom.java:45)
at framework.tools.utils.Custom.clickElement(Custom.java:45)
at framework.tools.utils.Custom.clickElement(Custom.java:45)
at framework.tools.utils.Custom.clickElement(Custom.java:45)
at framework.tools.utils.Custom.clickElement(Custom.java:45)
at framework.tools.utils.Custom.clickElement(Custom.java:45)
at framework.tools.utils.Custom.clickElement(Custom.java:45)
at framework.tools.utils.Custom.clickElement(Custom.java:45)
at framework.tools.utils.Custom.clickElement(Custom.java:45)
at framework.tools.utils.Custom.clickElement(Custom.java:45)
at framework.tools.utils.Custom.clickElement(Custom.java:45)
at framework.tools.utils.Custom.clickElement(Custom.java:45)
at framework.tools.utils.Custom.clickElement(Custom.java:45)
at framework.tools.utils.Custom.clickElement(Custom.java:45)
at framework.tools.utils.Custom.clickElement(Custom.java:45)
at framework.tools.utils.Custom.clickElement(Custom.java:45)
at framework.tools.utils.Custom.clickElement(Custom.java:45)
at framework.tools.utils.Custom.clickElement(Custom.java:45)
at framework.tools.utils.Custom.clickElement(Custom.java:45)
at framework.tools.utils.Custom.clickElement(Custom.java:45)
at framework.tools.utils.Custom.clickElement(Custom.java:45)
at framework.tools.utils.Custom.clickElement(Custom.java:45)
at framework.tools.utils.Custom.clickElement(Custom.java:45)
at framework.tools.utils.Custom.clickElement(Custom.java:45)
at framework.tools.utils.Custom.clickElement(Custom.java:45)
at framework.tools.utils.Custom.clickElement(Custom.java:45)
at framework.tools.utils.Custom.clickElement(Custom.java:45)
at framework.tools.utils.Custom.clickElement(Custom.java:45)
at framework.tools.utils.Custom.clickElement(Custom.java:45)
at framework.tools.utils.Custom.clickElement(Custom.java:45)
at framework.tools.utils.Custom.clickElement(Custom.java:45)
at framework.tools.utils.Custom.clickElement(Custom.java:45)
at framework.tools.utils.Custom.clickElement(Custom.java:45)
at framework.tools.utils.Custom.clickElement(Custom.java:45)
at framework.tools.utils.Custom.clickElement(Custom.java:45)
at framework.tools.utils.Custom.clickElement(Custom.java:45)
at framework.tools.utils.Custom.clickElement(Custom.java:45)
at framework.tools.utils.Custom.clickElement(Custom.java:45)
at framework.tools.utils.Custom.clickElement(Custom.java:45)
at framework.tools.utils.Custom.clickElement(Custom.java:45)
at framework.tools.utils.Custom.clickElement(Custom.java:45)
at framework.tools.utils.Custom.clickElement(Custom.java:45)
at framework.tools.utils.Custom.clickElement(Custom.java:45)
at framework.tools.utils.Custom.clickElement(Custom.java:45)
at framework.tools.utils.Custom.clickElement(Custom.java:45)
at framework.tools.utils.Custom.clickElement(Custom.java:45)
at framework.tools.utils.Custom.clickElement(Custom.java:45)
at framework.tools.utils.Custom.clickElement(Custom.java:45)
at framework.tools.utils.Custom.clickElement(Custom.java:45)
at framework.tools.utils.Custom.clickElement(Custom.java:45)
at framework.tools.utils.Custom.clickElement(Custom.java:45)
at framework.tools.utils.Custom.clickElement(Custom.java:45)
at framework.tools.utils.Custom.clickElement(Custom.java:45)
at framework.tools.utils.Custom.clickElement(Custom.java:45)
at framework.tools.utils.Custom.clickElement(Custom.java:45)
at framework.tools.utils.Custom.clickElement(Custom.java:45)
at framework.tools.utils.Custom.clickElement(Custom.java:45)
at framework.tools.utils.Custom.clickElement(Custom.java:45)
at framework.tools.utils.Custom.clickElement(Custom.java:45)
at framework.tools.utils.Custom.clickElement(Custom.java:45)
at framework.tools.utils.Custom.clickElement(Custom.java:45)
at framework.tools.utils.Custom.clickElement(Custom.java:45)
at framework.tools.utils.Custom.clickElement(Custom.java:45)
at framework.tools.utils.Custom.clickElement(Custom.java:45)
at framework.tools.utils.Custom.clickElement(Custom.java:45)
at framework.tools.utils.Custom.clickElement(Custom.java:45)
at framework.tools.utils.Custom.clickElement(Custom.java:45)
at framework.tools.utils.Custom.clickElement(Custom.java:45)
at framework.tools.utils.Custom.clickElement(Custom.java:45)
at framework.tools.utils.Custom.clickElement(Custom.java:45)
at framework.tools.utils.Custom.clickElement(Custom.java:45)
at framework.tools.utils.Custom.clickElement(Custom.java:45)
at framework.tools.utils.Custom.clickElement(Custom.java:45)
at framework.tools.utils.Custom.clickElement(Custom.java:45)
at framework.tools.utils.Custom.clickElement(Custom.java:45)
at framework.tools.utils.Custom.clickElement(Custom.java:45)
at framework.tools.utils.Custom.clickElement(Custom.java:45)
at framework.tools.utils.Custom.clickElement(Custom.java:45)
at framework.tools.utils.Custom.clickElement(Custom.java:45)
at framework.tools.utils.Custom.clickElement(Custom.java:45)
at framework.tools.utils.Custom.clickElement(Custom.java:45)
at framework.tools.utils.Custom.clickElement(Custom.java:45)
at framework.tools.utils.Custom.clickElement(Custom.java:45)
at framework.tools.utils.Custom.clickElement(Custom.java:45)
at framework.tools.utils.Custom.clickElement(Custom.java:45)
at framework.tools.utils.Custom.clickElement(Custom.java:45)
at framework.tools.utils.Custom.clickElement(Custom.java:45)
at framework.tools.utils.Custom.clickElement(Custom.java:45)
at framework.tools.utils.Custom.clickElement(Custom.java:45)
at framework.tools.utils.Custom.clickElement(Custom.java:45)
at framework.tools.utils.Custom.clickElement(Custom.java:45)
at framework.tools.utils.Custom.clickElement(Custom.java:45)
at framework.tools.utils.Custom.clickElement(Custom.java:45)
at framework.tools.utils.Custom.clickElement(Custom.java:45)
at framework.tools.utils.Custom.clickElement(Custom.java:45)
at framework.tools.utils.Custom.clickElement(Custom.java:45)
at framework.tools.utils.Custom.clickElement(Custom.java:45)
at framework.tools.utils.Custom.clickElement(Custom.java:45)
at framework.tools.utils.Custom.clickElement(Custom.java:45)
at framework.tools.utils.Custom.clickElement(Custom.java:45)
at framework.tools.utils.Custom.clickElement(Custom.java:45)
at framework.tools.utils.Custom.clickElement(Custom.java:45)
at framework.tools.utils.Custom.clickElement(Custom.java:45)
at framework.tools.utils.Custom.clickElement(Custom.java:45)
at framework.tools.utils.Custom.clickElement(Custom.java:45)
at framework.tools.utils.Custom.clickElement(Custom.java:45)
at framework.tools.utils.Custom.clickElement(Custom.java:45)
at framework.tools.utils.Custom.clickElement(Custom.java:45)
at framework.tools.utils.Custom.clickElement(Custom.java:45)
at framework.tools.utils.Custom.clickElement(Custom.java:45)
at framework.tools.utils.Custom.clickElement(Custom.java:45)
at framework.tools.utils.Custom.clickElement(Custom.java:45)
at framework.tools.utils.Custom.clickElement(Custom.java:45)
at framework.tools.utils.Custom.clickElement(Custom.java:45)
at framework.tools.utils.Custom.clickElement(Custom.java:45)
at framework.tools.utils.Custom.clickElement(Custom.java:45)
at framework.tools.utils.Custom.clickElement(Custom.java:45)
at framework.tools.utils.Custom.clickElement(Custom.java:45)
at framework.tools.utils.Custom.clickElement(Custom.java:45)
at framework.tools.utils.Custom.clickElement(Custom.java:45)
at framework.tools.utils.Custom.clickElement(Custom.java:45)
at framework.tools.utils.Custom.clickElement(Custom.java:45)
at framework.tools.utils.Custom.clickElement(Custom.java:45)
at framework.tools.utils.Custom.clickElement(Custom.java:45)
at framework.tools.utils.Custom.clickElement(Custom.java:45)
at framework.tools.utils.Custom.clickElement(Custom.java:45)
at framework.tools.utils.Custom.clickElement(Custom.java:45)
at framework.tools.utils.Custom.clickElement(Custom.java:45)
at framework.tools.utils.Custom.clickElement(Custom.java:45)
at framework.tools.utils.Custom.clickElement(Custom.java:45)
at framework.tools.utils.Custom.clickElement(Custom.java:45)
at framework.tools.utils.Custom.clickElement(Custom.java:45)
at framework.tools.utils.Custom.clickElement(Custom.java:45)
at framework.tools.utils.Custom.clickElement(Custom.java:45)
at framework.tools.utils.Custom.clickElement(Custom.java:45)
at framework.tools.utils.Custom.clickElement(Custom.java:45)
at framework.tools.utils.Custom.clickElement(Custom.java:45)
at framework.tools.utils.Custom.clickElement(Custom.java:45)
at framework.tools.utils.Custom.clickElement(Custom.java:45)
at framework.tools.utils.Custom.clickElement(Custom.java:45)
at framework.tools.utils.Custom.clickElement(Custom.java:45)
at framework.tools.utils.Custom.clickElement(Custom.java:45)
at framework.tools.utils.Custom.clickElement(Custom.java:45)
at framework.tools.utils.Custom.clickElement(Custom.java:45)
at framework.tools.utils.Custom.clickElement(Custom.java:45)
at framework.tools.utils.Custom.clickElement(Custom.java:45)
at framework.tools.utils.Custom.clickElement(Custom.java:45)
at framework.tools.utils.Custom.clickElement(Custom.java:45)
at framework.tools.utils.Custom.clickElement(Custom.java:45)
at framework.tools.utils.Custom.clickElement(Custom.java:45)
at framework.tools.utils.Custom.clickElement(Custom.java:45)
at framework.tools.utils.Custom.clickElement(Custom.java:45)
at framework.tools.utils.Custom.clickElement(Custom.java:45)
at framework.tools.utils.Custom.clickElement(Custom.java:45)
at framework.tools.utils.Custom.clickElement(Custom.java:45)
at framework.tools.utils.Custom.clickElement(Custom.java:45)
at framework.tools.utils.Custom.clickElement(Custom.java:45)
at framework.tools.utils.Custom.clickElement(Custom.java:45)
at framework.tools.utils.Custom.clickElement(Custom.java:45)
at framework.tools.utils.Custom.clickElement(Custom.java:45)
at framework.tools.utils.Custom.clickElement(Custom.java:45)
at framework.tools.utils.Custom.clickElement(Custom.java:45)
at framework.tools.utils.Custom.clickElement(Custom.java:45)
at framework.tools.utils.Custom.clickElement(Custom.java:45)
at framework.tools.utils.Custom.clickElement(Custom.java:45)
at framework.tools.utils.Custom.clickElement(Custom.java:45)
at framework.tools.utils.Custom.clickElement(Custom.java:45)
at framework.tools.utils.Custom.clickElement(Custom.java:45)
at framework.tools.utils.Custom.clickElement(Custom.java:45)
at framework.tools.utils.Custom.clickElement(Custom.java:45)
at framework.tools.utils.Custom.clickElement(Custom.java:45)
at framework.tools.utils.Custom.clickElement(Custom.java:45)
at framework.tools.utils.Custom.clickElement(Custom.java:45)
at framework.tools.utils.Custom.clickElement(Custom.java:45)
at framework.tools.utils.Custom.clickElement(Custom.java:45)
at framework.tools.utils.Custom.clickElement(Custom.java:45)
at framework.tools.utils.Custom.clickElement(Custom.java:45)
at framework.tools.utils.Custom.clickElement(Custom.java:45)
at framework.tools.utils.Custom.clickElement(Custom.java:45)
at framework.tools.utils.Custom.clickElement(Custom.java:45)
at framework.tools.utils.Custom.clickElement(Custom.java:45)
at framework.tools.utils.Custom.clickElement(Custom.java:45)
at framework.tools.utils.Custom.clickElement(Custom.java:45)
at framework.tools.utils.Custom.clickElement(Custom.java:45)
at framework.tools.utils.Custom.clickElement(Custom.java:45)
at framework.tools.utils.Custom.clickElement(Custom.java:45)
at framework.tools.utils.Custom.clickElement(Custom.java:45)
at framework.tools.utils.Custom.clickElement(Custom.java:45)
at framework.tools.utils.Custom.clickElement(Custom.java:45)
at framework.tools.utils.Custom.clickElement(Custom.java:45)
at framework.tools.utils.Custom.clickElement(Custom.java:45)
at framework.tools.utils.Custom.clickElement(Custom.java:45)
at framework.tools.utils.Custom.clickElement(Custom.java:45)
at framework.tools.utils.Custom.clickElement(Custom.java:45)
at framework.tools.utils.Custom.clickElement(Custom.java:45)
at framework.tools.utils.Custom.clickElement(Custom.java:45)
at framework.tools.utils.Custom.clickElement(Custom.java:45)
at framework.tools.utils.Custom.clickElement(Custom.java:45)
at framework.tools.utils.Custom.clickElement(Custom.java:45)
at framework.tools.utils.Custom.clickElement(Custom.java:45)
at framework.tools.utils.Custom.clickElement(Custom.java:45)
at framework.tools.utils.Custom.clickElement(Custom.java:45)
at framework.tools.utils.Custom.clickElement(Custom.java:45)
at framework.tools.utils.Custom.clickElement(Custom.java:45)
at framework.tools.utils.Custom.clickElement(Custom.java:45)
at framework.tools.utils.Custom.clickElement(Custom.java:45)
at framework.tools.utils.Custom.clickElement(Custom.java:45)
at framework.tools.utils.Custom.clickElement(Custom.java:45)
at framework.tools.utils.Custom.clickElement(Custom.java:45)
at framework.tools.utils.Custom.clickElement(Custom.java:45)
at framework.tools.utils.Custom.clickElement(Custom.java:45)
at framework.tools.utils.Custom.clickElement(Custom.java:45)
at framework.tools.utils.Custom.clickElement(Custom.java:45)
at framework.tools.utils.Custom.clickElement(Custom.java:45)
at framework.tools.utils.Custom.clickElement(Custom.java:45)
at framework.tools.utils.Custom.clickElement(Custom.java:45)
at framework.tools.utils.Custom.clickElement(Custom.java:45)
at framework.tools.utils.Custom.clickElement(Custom.java:45)
at framework.tools.utils.Custom.clickElement(Custom.java:45)
at framework.tools.utils.Custom.clickElement(Custom.java:45)
at framework.tools.utils.Custom.clickElement(Custom.java:45)
at framework.tools.utils.Custom.clickElement(Custom.java:45)
at framework.tools.utils.Custom.clickElement(Custom.java:45)
at framework.tools.utils.Custom.clickElement(Custom.java:45)
at framework.tools.utils.Custom.clickElement(Custom.java:45)
at framework.tools.utils.Custom.clickElement(Custom.java:45)
at framework.tools.utils.Custom.clickElement(Custom.java:45)
at framework.tools.utils.Custom.clickElement(Custom.java:45)
at framework.tools.utils.Custom.clickElement(Custom.java:45)
at framework.tools.utils.Custom.clickElement(Custom.java:45)
at framework.tools.utils.Custom.clickElement(Custom.java:45)
at framework.tools.utils.Custom.clickElement(Custom.java:45)
at framework.tools.utils.Custom.clickElement(Custom.java:45)
at framework.tools.utils.Custom.clickElement(Custom.java:45)
at framework.tools.utils.Custom.clickElement(Custom.java:45)
at framework.tools.utils.Custom.clickElement(Custom.java:45)
at framework.tools.utils.Custom.clickElement(Custom.java:45)
at framework.tools.utils.Custom.clickElement(Custom.java:45)
at framework.tools.utils.Custom.clickElement(Custom.java:45)
at framework.tools.utils.Custom.clickElement(Custom.java:45)
at framework.tools.utils.Custom.clickElement(Custom.java:45)
at framework.tools.utils.Custom.clickElement(Custom.java:45)
at framework.tools.utils.Custom.clickElement(Custom.java:45)
at framework.tools.utils.Custom.clickElement(Custom.java:45)
at framework.tools.utils.Custom.clickElement(Custom.java:45)
at framework.tools.utils.Custom.clickElement(Custom.java:45)
at framework.tools.utils.Custom.clickElement(Custom.java:45)
at framework.tools.utils.Custom.clickElement(Custom.java:45)
at framework.tools.utils.Custom.clickElement(Custom.java:45)
at framework.tools.utils.Custom.clickElement(Custom.java:45)
at framework.tools.utils.Custom.clickElement(Custom.java:45)
at framework.tools.utils.Custom.clickElement(Custom.java:45)
at framework.tools.utils.Custom.clickElement(Custom.java:45)
at framework.tools.utils.Custom.clickElement(Custom.java:45)
at framework.tools.utils.Custom.clickElement(Custom.java:45)
at framework.tools.utils.Custom.clickElement(Custom.java:45)
at framework.tools.utils.Custom.clickElement(Custom.java:45)
at framework.tools.utils.Custom.clickElement(Custom.java:45)
at framework.tools.utils.Custom.clickElement(Custom.java:45)
at framework.tools.utils.Custom.clickElement(Custom.java:45)
at framework.tools.utils.Custom.clickElement(Custom.java:45)
at framework.tools.utils.Custom.clickElement(Custom.java:45)
at framework.tools.utils.Custom.clickElement(Custom.java:45)
at framework.tools.utils.Custom.clickElement(Custom.java:45)
at framework.tools.utils.Custom.clickElement(Custom.java:45)
at framework.tools.utils.Custom.clickElement(Custom.java:45)
at framework.tools.utils.Custom.clickElement(Custom.java:45)
at framework.tools.utils.Custom.clickElement(Custom.java:45)
at framework.tools.utils.Custom.clickElement(Custom.java:45)
at framework.tools.utils.Custom.clickElement(Custom.java:45)
at framework.tools.utils.Custom.clickElement(Custom.java:45)
at framework.tools.utils.Custom.clickElement(Custom.java:45)
at framework.tools.utils.Custom.clickElement(Custom.java:45)
at framework.tools.utils.Custom.clickElement(Custom.java:45)
at framework.tools.utils.Custom.clickElement(Custom.java:45)
at framework.tools.utils.Custom.clickElement(Custom.java:45)
at framework.tools.utils.Custom.clickElement(Custom.java:45)
at framework.tools.utils.Custom.clickElement(Custom.java:45)
at framework.tools.utils.Custom.clickElement(Custom.java:45)
at framework.tools.utils.Custom.clickElement(Custom.java:45)
at framework.tools.utils.Custom.clickElement(Custom.java:45)
at framework.tools.utils.Custom.clickElement(Custom.java:45)
at framework.tools.utils.Custom.clickElement(Custom.java:45)
at framework.tools.utils.Custom.clickElement(Custom.java:45)
at framework.tools.utils.Custom.clickElement(Custom.java:45)
at framework.tools.utils.Custom.clickElement(Custom.java:45)
at framework.tools.utils.Custom.clickElement(Custom.java:45)
at framework.tools.utils.Custom.clickElement(Custom.java:45)
at framework.tools.utils.Custom.clickElement(Custom.java:45)
at framework.tools.utils.Custom.clickElement(Custom.java:45)
at framework.tools.utils.Custom.clickElement(Custom.java:45)
at framework.tools.utils.Custom.clickElement(Custom.java:45)
at framework.tools.utils.Custom.clickElement(Custom.java:45)
at framework.tools.utils.Custom.clickElement(Custom.java:45)
at framework.tools.utils.Custom.clickElement(Custom.java:45)
at framework.tools.utils.Custom.clickElement(Custom.java:45)
at framework.tools.utils.Custom.clickElement(Custom.java:45)
at framework.tools.utils.Custom.clickElement(Custom.java:45)
at framework.tools.utils.Custom.clickElement(Custom.java:45)
at framework.tools.utils.Custom.clickElement(Custom.java:45)
at framework.tools.utils.Custom.clickElement(Custom.java:45)
at framework.tools.utils.Custom.clickElement(Custom.java:45)
at framework.tools.utils.Custom.clickElement(Custom.java:45)
at framework.tools.utils.Custom.clickElement(Custom.java:45)
at framework.tools.utils.Custom.clickElement(Custom.java:45)
at framework.tools.utils.Custom.clickElement(Custom.java:45)
at framework.tools.utils.Custom.clickElement(Custom.java:45)
at framework.tools.utils.Custom.clickElement(Custom.java:45)
at framework.tools.utils.Custom.clickElement(Custom.java:45)
at framework.tools.utils.Custom.clickElement(Custom.java:45)
at framework.tools.utils.Custom.clickElement(Custom.java:45)
at framework.tools.utils.Custom.clickElement(Custom.java:45)
at framework.tools.utils.Custom.clickElement(Custom.java:45)
at framework.tools.utils.Custom.clickElement(Custom.java:45)
at framework.tools.utils.Custom.clickElement(Custom.java:45)
at framework.tools.utils.Custom.clickElement(Custom.java:45)
at framework.tools.utils.Custom.clickElement(Custom.java:45)
at framework.tools.utils.Custom.clickElement(Custom.java:45)
at framework.tools.utils.Custom.clickElement(Custom.java:45)
at framework.tools.utils.Custom.clickElement(Custom.java:45)
at framework.tools.utils.Custom.clickElement(Custom.java:45)
at framework.tools.utils.Custom.clickElement(Custom.java:45)
at framework.tools.utils.Custom.clickElement(Custom.java:45)
at framework.tools.utils.Custom.clickElement(Custom.java:45)
at framework.tools.utils.Custom.clickElement(Custom.java:45)
at framework.tools.utils.Custom.clickElement(Custom.java:45)
at framework.tools.utils.Custom.clickElement(Custom.java:45)
at framework.tools.utils.Custom.clickElement(Custom.java:45)
at framework.tools.utils.Custom.clickElement(Custom.java:45)
at framework.tools.utils.Custom.clickElement(Custom.java:45)
at framework.tools.utils.Custom.clickElement(Custom.java:45)
at framework.tools.utils.Custom.clickElement(Custom.java:45)
at framework.tools.utils.Custom.clickElement(Custom.java:45)
at framework.tools.utils.Custom.clickElement(Custom.java:45)
at framework.tools.utils.Custom.clickElement(Custom.java:45)
at framework.tools.utils.Custom.clickElement(Custom.java:45)
at framework.tools.utils.Custom.clickElement(Custom.java:45)
at framework.tools.utils.Custom.clickElement(Custom.java:45)
at framework.tools.utils.Custom.clickElement(Custom.java:45)
at framework.tools.utils.Custom.clickElement(Custom.java:45)
at framework.tools.utils.Custom.clickElement(Custom.java:45)
at framework.tools.utils.Custom.clickElement(Custom.java:45)
at framework.tools.utils.Custom.clickElement(Custom.java:45)
at framework.tools.utils.Custom.clickElement(Custom.java:45)
at framework.tools.utils.Custom.clickElement(Custom.java:45)
at framework.tools.utils.Custom.clickElement(Custom.java:45)
at framework.tools.utils.Custom.clickElement(Custom.java:45)
at framework.tools.utils.Custom.clickElement(Custom.java:45)
at framework.tools.utils.Custom.clickElement(Custom.java:45)
at framework.tools.utils.Custom.clickElement(Custom.java:45)
at framework.tools.utils.Custom.clickElement(Custom.java:45)
at framework.tools.utils.Custom.clickElement(Custom.java:45)
at framework.tools.utils.Custom.clickElement(Custom.java:45)
at framework.tools.utils.Custom.clickElement(Custom.java:45)
at framework.tools.utils.Custom.clickElement(Custom.java:45)
at framework.tools.utils.Custom.clickElement(Custom.java:45)
at framework.tools.utils.Custom.clickElement(Custom.java:45)
at framework.tools.utils.Custom.clickElement(Custom.java:45)
at framework.tools.utils.Custom.clickElement(Custom.java:45)
at framework.tools.utils.Custom.clickElement(Custom.java:45)
at framework.tools.utils.Custom.clickElement(Custom.java:45)
at framework.tools.utils.Custom.clickElement(Custom.java:45)
at framework.tools.utils.Custom.clickElement(Custom.java:45)
at framework.tools.utils.Custom.clickElement(Custom.java:45)
at framework.tools.utils.Custom.clickElement(Custom.java:45)
at framework.tools.utils.Custom.clickElement(Custom.java:45)
at framework.tools.utils.Custom.clickElement(Custom.java:45)
at framework.tools.utils.Custom.clickElement(Custom.java:45)
at framework.tools.utils.Custom.clickElement(Custom.java:45)
at framework.tools.utils.Custom.clickElement(Custom.java:45)
at framework.tools.utils.Custom.clickElement(Custom.java:45)
at framework.tools.utils.Custom.clickElement(Custom.java:45)
at framework.tools.utils.Custom.clickElement(Custom.java:45)
at framework.tools.utils.Custom.clickElement(Custom.java:45)
at framework.tools.utils.Custom.clickElement(Custom.java:45)
at framework.tools.utils.Custom.clickElement(Custom.java:45)
at framework.tools.utils.Custom.clickElement(Custom.java:45)
at framework.tools.utils.Custom.clickElement(Custom.java:45)
at framework.tools.utils.Custom.clickElement(Custom.java:45)
at framework.tools.utils.Custom.clickElement(Custom.java:45)
at framework.tools.utils.Custom.clickElement(Custom.java:45)
at framework.tools.utils.Custom.clickElement(Custom.java:45)
at framework.tools.utils.Custom.clickElement(Custom.java:45)
at framework.tools.utils.Custom.clickElement(Custom.java:45)
at framework.tools.utils.Custom.clickElement(Custom.java:45)
at framework.tools.utils.Custom.clickElement(Custom.java:45)
at framework.tools.utils.Custom.clickElement(Custom.java:45)
at framework.tools.utils.Custom.clickElement(Custom.java:45)
at framework.tools.utils.Custom.clickElement(Custom.java:45)
at framework.tools.utils.Custom.clickElement(Custom.java:45)
at framework.tools.utils.Custom.clickElement(Custom.java:45)
at framework.tools.utils.Custom.clickElement(Custom.java:45)
at framework.tools.utils.Custom.clickElement(Custom.java:45)
at framework.tools.utils.Custom.clickElement(Custom.java:45)
at framework.tools.utils.Custom.clickElement(Custom.java:45)
at framework.tools.utils.Custom.clickElement(Custom.java:45)
at framework.tools.utils.Custom.clickElement(Custom.java:45)
at framework.tools.utils.Custom.clickElement(Custom.java:45)
at framework.tools.utils.Custom.clickElement(Custom.java:45)
at framework.tools.utils.Custom.clickElement(Custom.java:45)
at framework.tools.utils.Custom.clickElement(Custom.java:45)
at framework.tools.utils.Custom.clickElement(Custom.java:45)
at framework.tools.utils.Custom.clickElement(Custom.java:45)
at framework.tools.utils.Custom.clickElement(Custom.java:45)
at framework.tools.utils.Custom.clickElement(Custom.java:45)
at framework.tools.utils.Custom.clickElement(Custom.java:45)
at framework.tools.utils.Custom.clickElement(Custom.java:45)
at framework.tools.utils.Custom.clickElement(Custom.java:45)
at framework.tools.utils.Custom.clickElement(Custom.java:45)
at framework.tools.utils.Custom.clickElement(Custom.java:45)
at framework.tools.utils.Custom.clickElement(Custom.java:45)
at framework.tools.utils.Custom.clickElement(Custom.java:45)
at framework.tools.utils.Custom.clickElement(Custom.java:45)
at framework.tools.utils.Custom.clickElement(Custom.java:45)
at framework.tools.utils.Custom.clickElement(Custom.java:45)
at framework.tools.utils.Custom.clickElement(Custom.java:45)
at framework.tools.utils.Custom.clickElement(Custom.java:45)
at framework.tools.utils.Custom.clickElement(Custom.java:45)
at framework.tools.utils.Custom.clickElement(Custom.java:45)
at framework.tools.utils.Custom.clickElement(Custom.java:45)
at framework.tools.utils.Custom.clickElement(Custom.java:45)
at framework.tools.utils.Custom.clickElement(Custom.java:45)
at framework.tools.utils.Custom.clickElement(Custom.java:45)
at framework.tools.utils.Custom.clickElement(Custom.java:45)
at framework.tools.utils.Custom.clickElement(Custom.java:45)
at framework.tools.utils.Custom.clickElement(Custom.java:45)
at framework.tools.utils.Custom.clickElement(Custom.java:45)
at framework.tools.utils.Custom.clickElement(Custom.java:45)
at framework.tools.utils.Custom.clickElement(Custom.java:45)
at framework.tools.utils.Custom.clickElement(Custom.java:45)
at framework.tools.utils.Custom.clickElement(Custom.java:45)
at framework.tools.utils.Custom.clickElement(Custom.java:45)
at framework.tools.utils.Custom.clickElement(Custom.java:45)
at framework.tools.utils.Custom.clickElement(Custom.java:45)
at framework.tools.utils.Custom.clickElement(Custom.java:45)
at framework.tools.utils.Custom.clickElement(Custom.java:45)
at framework.tools.utils.Custom.clickElement(Custom.java:45)
at framework.tools.utils.Custom.clickElement(Custom.java:45)
at framework.tools.utils.Custom.clickElement(Custom.java:45)
at framework.tools.utils.Custom.clickElement(Custom.java:45)
at framework.tools.utils.Custom.clickElement(Custom.java:45)
at framework.tools.utils.Custom.clickElement(Custom.java:45)
at framework.tools.utils.Custom.clickElement(Custom.java:45)
at framework.tools.utils.Custom.clickElement(Custom.java:45)
at framework.tools.utils.Custom.clickElement(Custom.java:45)
at framework.tools.utils.Custom.clickElement(Custom.java:45)
at framework.tools.utils.Custom.clickElement(Custom.java:45)
at framework.tools.utils.Custom.clickElement(Custom.java:45)
at framework.tools.utils.Custom.clickElement(Custom.java:45)
at framework.tools.utils.Custom.clickElement(Custom.java:45)
at framework.tools.utils.Custom.clickElement(Custom.java:45)
at framework.tools.utils.Custom.clickElement(Custom.java:45)
at framework.tools.utils.Custom.clickElement(Custom.java:45)
at framework.tools.utils.Custom.clickElement(Custom.java:45)
at framework.tools.utils.Custom.clickElement(Custom.java:45)
at framework.tools.utils.Custom.clickElement(Custom.java:45)
at framework.tools.utils.Custom.clickElement(Custom.java:45)
at framework.tools.utils.Custom.clickElement(Custom.java:45)
at framework.tools.utils.Custom.clickElement(Custom.java:45)
at framework.tools.utils.Custom.clickElement(Custom.java:45)
at framework.tools.utils.Custom.clickElement(Custom.java:45)
at framework.tools.utils.Custom.clickElement(Custom.java:45)
at framework.tools.utils.Custom.clickElement(Custom.java:45)
at framework.tools.utils.Custom.clickElement(Custom.java:45)
at framework.tools.utils.Custom.clickElement(Custom.java:45)
at framework.tools.utils.Custom.clickElement(Custom.java:45)
at framework.tools.utils.Custom.clickElement(Custom.java:45)
at framework.tools.utils.Custom.clickElement(Custom.java:45)
at framework.tools.utils.Custom.clickElement(Custom.java:45)
at framework.tools.utils.Custom.clickElement(Custom.java:45)
at framework.tools.utils.Custom.clickElement(Custom.java:45)
at framework.tools.utils.Custom.clickElement(Custom.java:45)
at framework.tools.utils.Custom.clickElement(Custom.java:45)
at framework.tools.utils.Custom.clickElement(Custom.java:45)
at framework.tools.utils.Custom.clickElement(Custom.java:45)
at framework.tools.utils.Custom.clickElement(Custom.java:45)
at framework.tools.utils.Custom.clickElement(Custom.java:45)
at framework.tools.utils.Custom.clickElement(Custom.java:45)
at framework.tools.utils.Custom.clickElement(Custom.java:45)
at framework.tools.utils.Custom.clickElement(Custom.java:45)
at framework.tools.utils.Custom.clickElement(Custom.java:45)
at framework.tools.utils.Custom.clickElement(Custom.java:45)
at framework.tools.utils.Custom.clickElement(Custom.java:45)
]]>
    </error>
  </testcase> <!-- shouldSearchFlight -->
</testsuite> <!-- selenium.google.tests.GoogleFlightSearchTest -->
